00:00:01.74 >>> Call to notifier in File "/home/mic/python/old_projects_watchdog/old_projects_watchdog/old_projects_watchdog_notifier.py", line 22
00:00:01.74   22 | def notifier():
00:00:01.74   29 |     path = "/home/mic/cronlogs/old_watchdog.txt"
00:00:01.74 .......... path = '/home/mic/cronlogs/old_watchdog.txt'
00:00:01.74 .......... type(path) = <class 'str'>
00:00:01.74   31 |     last_alt = os.path.getmtime(path)
00:00:01.74 .......... last_alt = 1677796794.2377028
00:00:01.74 .......... type(last_alt) = <class 'float'>
00:00:01.74   32 |     pick_folder = "/home/mic/cronlogs/last_alterations_files/"
00:00:01.74 .......... pick_folder = '/home/mic/cronlogs/last_alterations_files/'
00:00:01.74 .......... type(pick_folder) = <class 'str'>
00:00:01.74   33 |     file_paths = [f"{pick_folder}{i.strip()}" for i in os.listdir(pick_folder)]
    00:00:01.74 List comprehension:
    00:00:01.74   33 |     file_paths = [f"{pick_folder}{i.strip()}" for i in os.listdir(pick_folder)]
    00:00:01.75 .......... Iterating over <list_iterator object at 0x7f2ecf52f610>
    00:00:01.75 .......... Values of type(.0): <class 'list_iterator'>
    00:00:01.75 .......... Values of pick_folder: '/home/mic/cronlogs/last_alterations_files/'
    00:00:01.75 .......... Values of type(pick_folder): <class 'str'>
    00:00:01.75 .......... Values of i: 'usr_last_at.bin', 'git_update_last_at.bin', 'watchdog_last_at.bin', 'boot_last_at.bin', 'opt_last_at.bin', 'srv_last_at.bin', 'var_last_at.bin', 'etc_last_at.bin', 'README.txt'
    00:00:01.75 .......... Values of type(i): <class 'str'>
    00:00:01.75 Result: ['/home/mic/cronlogs/last_alterations_files/usr_last_at.bin', '/home/mic/cronlogs/last_alterations_files/git_update_last_at.bin', '/home/mic/cronlogs/last_alterations_files/watchdog_last_at.bin', ..., '/home/mic/cronlogs/last_alterations_files/var_last_at.bin', '/home/mic/cronlogs/last_alterations_files/etc_last_at.bin', '/home/mic/cronlogs/last_alterations_files/README.txt']
00:00:01.75   33 |     file_paths = [f"{pick_folder}{i.strip()}" for i in os.listdir(pick_folder)]
00:00:01.75 .......... file_paths = ['/home/mic/cronlogs/last_alterations_files/usr_last_at.bin', '/home/mic/cronlogs/last_alterations_files/git_update_last_at.bin', '/home/mic/cronlogs/last_alterations_files/watchdog_last_at.bin', ..., '/home/mic/cronlogs/last_alterations_files/var_last_at.bin', '/home/mic/cronlogs/last_alterations_files/etc_last_at.bin', '/home/mic/cronlogs/last_alterations_files/README.txt']
00:00:01.75 .......... len(file_paths) = 9
00:00:01.75 .......... type(file_paths) = <class 'list'>
00:00:01.75   34 |     alt_file = f"{pick_folder}watchdog_last_at.bin"
00:00:01.75 .......... alt_file = '/home/mic/cronlogs/last_alterations_files/watchdog_last_at.bin'
00:00:01.75 .......... len(alt_file) = 62
00:00:01.75 .......... type(alt_file) = <class 'str'>
00:00:01.75   35 |     if alt_file in file_paths:
00:00:01.75   36 |         with open(alt_file, "rb") as f:
00:00:01.75 .............. f = <_io.BufferedReader name='/home/mic/cronlogs/last_alterations_files/watchdog_last_at.bin'>
00:00:01.75 .............. type(f) = <class '_io.BufferedReader'>
00:00:01.75   37 |             altf = pickle.load(f)
00:00:01.75 .................. altf = 1677796794.2377028
00:00:01.75 .................. type(altf) = <class 'float'>
00:00:01.75   38 |             if altf != last_alt:
00:00:01.75   36 |         with open(alt_file, "rb") as f:
00:00:01.75   49 |     print(f"{inspect.currentframe().f_code.co_name} has run.")
00:00:01.75 <<< Return value from notifier: None
